0.46378427743911743
0.39869797229766846
0.10602456331253052
0.41655319929122925
0.40169480443000793
0.5121781229972839
0.4578179717063904
0.0
0.6716158390045166
0.5
0.06840890645980835
0.6666640639305115
0.41539251804351807
0.8143934607505798
0.5514991879463196
0.4393182098865509
0.49010300636291504
0.5761085748672485
0.4899616837501526
0.45253244042396545
0.4926360249519348
0.5
0.5350523591041565
0.7963816523551941
0.5
0.6501163244247437
0.6905505657196045
0.14114582538604736
0.5246649384498596
0.5
0.8143934607505798
0.5067092776298523
0.41316425800323486
0.7568426132202148
0.5
0.7526447772979736
0.868139922618866
0.40532270073890686
0.8135221004486084
0.5
0.608944296836853
0.21330854296684265
0.5
0.5
0.3458367586135864
0.46479466557502747
0.7123631834983826
0.6174991130828857
0.5
0.5201603174209595
0.5
0.4803484082221985
0.3843953013420105
0.4247584044933319
0.4745473563671112
0.8299161195755005
0.5121781229972839
0.4703904390335083
0.5
0.7393714785575867
0.388968288898468
0.6121357679367065
0.4515969753265381
0.8022153377532959
1.0
0.6719987392425537
0.8022153377532959
0.2864992916584015
0.6493133306503296
0.7775924205780029
0.7686195373535156
0.443148136138916
0.618634819984436
0.48646456003189087
0.3784460425376892
0.5
0.4826849102973938
0.45375776290893555
0.6155251860618591
0.49665626883506775
0.5606482028961182
0.5303452610969543
1.0
0.8302136659622192
0.5329484343528748
0.5706727504730225
0.5109819769859314
0.4852396845817566
0.43268996477127075
0.5596311688423157
0.30773743987083435
0.579904317855835
0.5618625283241272
0.5124033689498901
0.816138744354248
0.5
0.15101036429405212
0.9010477662086487
0.47820472717285156
0.5
0.5
0.5
0.0
0.6663951277732849
0.35649651288986206
0.5098138451576233
0.5441831946372986
0.260722815990448
0.5533101558685303
0.5033546686172485
0.1452656388282776
0.5253757238388062
0.5
0.5
0.5
0.5275305509567261
0.5245029926300049
0.5886474847793579
0.7073776125907898
0.5
0.0
0.5917218923568726
0.5213443040847778
0.4178527891635895
0.39152950048446655
0.5
0.11896395683288574
0.5
0.4656287431716919
0.5490163564682007
0.4418832063674927
0.6475669741630554
0.41017964482307434
0.5114907622337341
0.5
0.5
0.6141022443771362
0.4214557111263275
0.0
0.45509883761405945
0.482899010181427
0.44183260202407837
0.565100908279419
0.38994646072387695
0.0025835037231445312
0.5587706565856934
0.483448326587677
0.4734326899051666
0.4821453094482422
0.5084453821182251
0.9036046266555786
0.5
0.45089834928512573
0.5
0.4214557111263275
0.4328594207763672
0.5
0.5311802625656128
0.39899545907974243
0.47108012437820435
0.30922698974609375
0.2841761112213135
0.42353057861328125
0.5249369740486145
0.26250845193862915
0.4903841018676758
0.059225499629974365
0.12335741519927979
0.34682077169418335
0.46479466557502747
0.798805296421051
0.5814658403396606
0.7993059754371643
0.5
0.7430063486099243
0.5
0.13322830200195312
0.5
0.4527652859687805
0.3741086721420288
0.5
0.32446610927581787
0.30147963762283325
0.24345149099826813
0.0
0.6796417236328125
0.7681721448898315
0.8137612342834473
0.5005192160606384
0.8336181640625
0.4382372796535492
0.49890434741973877
0.4181455075740814
0.5171616077423096
0.4678349792957306
0.4665713906288147
0.5315408706665039
0.46229109168052673
0.5
0.5722918510437012
0.5188058614730835
0.5199100971221924
0.4860338270664215
0.5
0.5005754232406616
0.5840914845466614
0.630993664264679
0.5
0.46002817153930664
0.30610257387161255
0.35114118456840515
0.4909834861755371
0.7561965584754944
0.5455525517463684
0.4255625903606415
0.3330482244491577
0.08294206857681274
0.5
0.4779665172100067
0.5
0.4508398473262787
0.1556781828403473
0.0
0.0809715986251831
0.46334075927734375
0.4214557111263275
0.41826826333999634
0.5742957592010498
0.7634280323982239
0.32616785168647766
0.4645325541496277
0.930811882019043
0.761430025100708
0.5
0.33177730441093445
0.446702241897583
0.5308451652526855
0.5
0.42191267013549805
0.3626551628112793
0.8951219320297241
0.0
0.3417854905128479
0.8022153377532959
0.4933122992515564
0.4822419583797455
0.6648418307304382
0.5
0.4714373052120209
0.400065541267395
0.6677806973457336
0.6344106197357178
0.7969421148300171
0.40877482295036316
0.42839670181274414
0.5
0.6443814039230347
0.0
0.5710660815238953
0.5
0.5933841466903687
0.440496563911438
0.919308066368103
0.31196993589401245
0.8042581081390381
0.0
0.35227906703948975
0.522136926651001
0.5852031707763672
0.7880557179450989
0.5510097146034241
0.420274019241333
0.467161625623703
0.44240206480026245
0.0
0.467161625623703
0.6773158311843872
0.4755858778953552
0.605939507484436
0.5523979067802429
0.5
0.5
0.9575743675231934
0.4769364893436432
0.25917312502861023
0.47717511653900146
0.5
0.47083282470703125
0.6990906596183777
0.5839060544967651
0.7866494655609131
0.7063559889793396
0.467161625623703
0.450286328792572
0.5067524909973145
0.467161625623703
0.4668881297111511
0.09319984912872314
0.5387119054794312
0.45247048139572144
0.5
0.5280109643936157
0.5
0.4344264268875122
0.4541180729866028
0.5148189067840576
0.40205296874046326
0.4355466067790985
0.6621962785720825
0.467161625623703
0.4010770320892334
0.1695522665977478
0.41870298981666565
0.7036181092262268
0.3810847997665405
0.5380242466926575
0.36738210916519165
0.5810520648956299
0.8247981667518616
0.620599627494812
0.3032674789428711
0.47579964995384216
0.5
0.7796814441680908
0.5031691789627075
0.8141872882843018
0.006102502346038818
0.48321717977523804
0.47517257928848267
0.5028209090232849
0.3526065945625305
0.42608320713043213
0.5629739165306091
0.43905481696128845
0.5084453821182251
0.4888846278190613
0.5
0.4247707724571228
0.4689812660217285
0.12413603067398071
0.467161625623703
0.467161625623703
0.3537280857563019
0.6981865167617798
0.4902040362358093
0.36353063583374023
0.45734483003616333
0.5248914361000061
0.38469719886779785
0.154463529586792
0.529015839099884
0.49897265434265137
0.5416445136070251
0.5371357798576355
0.5082282423973083
0.7238524556159973
0.4660082161426544
0.5262569189071655
0.3834696412086487
0.43524736166000366
0.5764027833938599
0.467161625623703
0.28778964281082153
0.39263778924942017
0.6321995854377747
0.467161625623703
0.467161625623703
0.24836677312850952
0.6074293851852417
0.5
0.0
0.467161625623703
0.4591365158557892
0.46009859442710876
0.23398375511169434
0.467161625623703
0.4236612319946289
0.12413603067398071
0.8022153377532959
0.4128129184246063
0.4322764277458191
0.10587161779403687
0.8022153377532959
0.6669238805770874
0.38236773014068604
0.5
0.4442838132381439
0.2814701795578003
0.5
0.6656168699264526
0.5
0.4656287431716919
0.59758460521698
0.5028791427612305
0.467161625623703
0.04556068778038025
0.7448495626449585
0.4777734875679016
0.692358136177063
0.6080983877182007
0.6367353200912476
0.36018848419189453
0.5670011043548584
0.7333528995513916
0.467161625623703
0.4755858778953552
0.770476222038269
0.5554002523422241
0.7093924880027771
0.4647328853607178
0.4508247971534729
0.5546756386756897
0.5470028519630432
0.5
0.467161625623703
0.7656668424606323
0.48809486627578735
0.5147674083709717
0.467161625623703
0.8879826664924622
0.5630326271057129
0.34985148906707764
0.1666666716337204
0.3296338617801666
0.8022153377532959
0.8218601942062378
0.467161625623703
0.4803584814071655
0.5
0.03436097502708435
0.5
0.0664178729057312
0.5691603422164917
0.43733876943588257
0.5
0.5019273161888123
0.48081016540527344
0.505031943321228
0.46187257766723633
0.4891219735145569
0.22144341468811035
0.6091609001159668
0.3139989972114563
0.8022153377532959
0.44072529673576355
0.8143934607505798
0.5055106282234192
0.7875145673751831
0.5545085668563843
0.5220389366149902
0.8505232334136963
0.8022153377532959
0.5
0.5961880683898926
0.49222803115844727
0.4369685649871826
0.544655442237854
0.3153831958770752
0.485912948846817
0.5
0.8987724184989929
0.29733628034591675
0.5
0.4832363426685333
0.43478071689605713
0.4843177795410156
0.4984317421913147
0.9341424703598022
0.46971261501312256
0.4966976046562195
0.4516673684120178
0.04304617643356323
0.5380114316940308
0.49648749828338623
0.1428571492433548
0.5060409903526306
0.3934333622455597
0.4901205897331238
0.5311440825462341
0.467161625623703
0.37482333183288574
0.5
0.49827563762664795
0.566994309425354
0.43191424012184143
0.5061863660812378
0.5
0.3517763018608093
0.827057421207428
0.5
0.5
0.5
0.8536760210990906
0.5059847235679626
0.8214023113250732
0.43583935499191284
0.467161625623703
0.5
0.35588088631629944
0.4773101210594177
0.03952747583389282
0.8424073457717896
0.7131061553955078
0.467161625623703
0.48438331484794617
0.01762610673904419
0.4407910406589508
0.3976656198501587
0.49107807874679565
0.8485594987869263
0.42915457487106323
0.8883410692214966
0.2607300877571106
0.5084453821182251
0.5
0.4889630973339081
0.4199240803718567
0.5100446343421936
0.5
0.46998220682144165
0.5
0.8022153377532959
0.08976477384567261
0.4561247229576111
0.05891674757003784
0.9210928678512573
0.467161625623703
0.5
0.279080331325531
0.5534490942955017
0.5499916076660156
0.3941355347633362
0.7203027009963989
0.4532080590724945
0.2666616439819336
0.5167878866195679
0.36583632230758667
0.05403715372085571
0.4214557111263275
0.7157482504844666
0.0
0.5551282167434692
0.21424509584903717
0.8603125810623169
0.6344106197357178
0.0
0.498324990272522
0.4266241788864136
0.4057762622833252
0.5765191316604614
0.0
0.34434953331947327
0.8022153377532959
0.8656264543533325
0.4303787648677826
0.5520642995834351
0.4889630973339081
0.6251310706138611
0.3132134974002838
0.5
0.586184024810791
0.3642541170120239
0.5
0.0
0.29303985834121704
0.9447071552276611
0.5
0.5594847202301025
0.456409752368927
0.467161625623703
0.8022153377532959
0.4841356873512268
0.5797149538993835
0.5545194745063782
0.5902529954910278
0.25590312480926514
0.7786431908607483
0.47870564460754395
0.48433443903923035
0.4243420958518982
0.46473678946495056
0.5
0.00778883695602417
0.9217946529388428
0.5008634328842163
0.21633760631084442
0.4077630937099457
0.5070049166679382
0.46643978357315063
0.0
0.5550028085708618
0.5
0.6210670471191406
0.5
0.5064147114753723
0.5660713315010071
0.5379421710968018
0.4322892427444458
0.5
0.20048445463180542
0.5
0.4965432286262512
0.5153491497039795
0.4748115539550781
0.33132749795913696
0.5280109643936157
0.6344106197357178
0.4698193669319153
0.6975750923156738
0.467161625623703
0.6545928716659546
0.2847137451171875
0.5137203335762024
0.34368741512298584
0.45285487174987793
0.423475980758667
0.5588812828063965
0.0
0.3628125488758087
0.4807044267654419
0.47780683636665344
0.5917218923568726
0.0030260682106018066
0.6321250796318054
0.5206705331802368
0.47429442405700684
0.5447884202003479
0.4216543436050415
0.44515615701675415
0.719831109046936
0.33778879046440125
0.5
0.0
0.4799662232398987
0.467161625623703
0.536672055721283
0.4833275079727173
0.6081855297088623
0.5
0.5
0.3308559060096741
0.584556519985199
0.5206705331802368
0.4769514501094818
0.17741934955120087
0.4995041489601135
0.4781098961830139
0.4032812714576721
0.5694185495376587
0.4894804358482361
0.0
0.9068646430969238
0.5
0.07495275139808655
0.4214557111263275
0.8022153377532959
0.4737394452095032
0.8022153377532959
0.467161625623703
0.546819806098938
0.7897684574127197
0.5
0.11818311363458633
0.5
0.5
0.8986268043518066
0.30463919043540955
0.5382027626037598
0.46792834997177124
0.13653942942619324
0.28272271156311035
0.5608924627304077
0.4775983691215515
0.2465074062347412
0.3950585722923279
0.5257587432861328
0.7481740713119507
0.5
0.07606303691864014
0.45814332365989685
0.08725529909133911
0.21025776863098145
0.5174139142036438
0.24432696402072906
0.4889630973339081
0.5043049454689026
0.524954080581665
0.5324795842170715
0.5
0.467161625623703
0.47256624698638916
0.5
0.5
0.7833676338195801
0.5
0.49755460023880005
0.5631688833236694
0.6027587652206421
0.21856778860092163
0.4743965268135071
0.3202139735221863
0.0
0.5
0.4058625400066376
0.5421618223190308
0.8022153377532959
0.4041406512260437
0.43886798620224
0.12413603067398071
0.30494189262390137
0.4029441177845001
0.47632962465286255
0.4817299246788025
0.5413761734962463
0.613787055015564
0.13959844410419464
0.17965936660766602
0.8022153377532959
0.5
0.4303787648677826
0.48196256160736084
0.4828040897846222
0.7280661463737488
0.16736073791980743
0.5362722873687744
0.40952080488204956
0.5
0.5573972463607788
0.47600436210632324
0.04036515951156616
0.5
0.37848609685897827
0.7909172773361206
0.0
0.5
0.3903266191482544
0.43592149019241333
0.4532814025878906
0.6250563263893127
0.740410327911377
1.0
0.3881046175956726
0.3161159157752991
0.5356194376945496
0.7579326629638672
0.4169650375843048
0.6196690201759338
0.38871824741363525
0.009816259145736694
0.4744422137737274
0.5122808814048767
0.5076028108596802
0.39750075340270996
0.467161625623703
0.4561375081539154
0.8174886703491211
0.6680516004562378
0.33438554406166077
0.4666687846183777
0.5147572159767151
0.3418181240558624
0.467161625623703
0.5
0.5
0.5
0.3735780417919159
0.46998220682144165
0.19166100025177002
0.5290095806121826
0.43478071689605713
0.7281002402305603
0.7573687434196472
0.7712351679801941
0.8331700563430786
0.37795042991638184
0.5082740187644958
0.5
0.4886798560619354
0.4744422137737274
0.4744001030921936
0.4548262357711792
0.06521739065647125
0.28227490186691284
0.5487971901893616
0.406128466129303
0.5496400594711304
0.028904438018798828
0.5542596578598022
0.5085092186927795
0.5
0.5292060971260071
0.4563893675804138
0.5273568034172058
0.4003719389438629
0.4175181984901428
0.4242468476295471
0.8063846826553345
0.5201317667961121
0.17741934955120087
0.5820843577384949
0.4008055627346039
0.11538461595773697
0.1666666716337204
0.5724900364875793
0.5234591364860535
0.0
0.45743900537490845
0.5185646414756775
0.49492084980010986
0.4131980538368225
0.4618561267852783
0.12962962687015533
0.5179866552352905
0.7866857051849365
0.43046364188194275
0.5272266864776611
0.0018189549446105957
0.9127393364906311
0.689803421497345
0.4413498342037201
0.01648595929145813
0.582666277885437
0.8022153377532959
0.40406733751296997
0.901322603225708
0.5358589887619019
0.5813339948654175
0.4721999764442444
0.7738889455795288
0.8232130408287048
0.6934202909469604
0.664553701877594
0.9372978806495667
0.32265472412109375
0.5331671833992004
0.6019698977470398
0.5
0.46288347244262695
0.5
0.39220765233039856
0.13566744327545166
0.7105401158332825
0.17786121368408203
0.8017544150352478
0.7281302809715271
0.472764790058136
0.4595867395401001
0.467161625623703
0.3289003372192383
0.7920522689819336
0.08869487047195435
0.6439225673675537
0.4442134499549866
0.49277985095977783
0.656943678855896
0.5
0.4788859784603119
0.5
0.5162174701690674
0.4402616024017334
0.4373001754283905
0.43548327684402466
0.5002961754798889
0.8892576694488525
0.38066428899765015
0.4954262375831604
0.509268581867218
0.521888256072998
0.06521739065647125
0.6774942874908447
0.5691603422164917
0.2983323633670807
0.6070973873138428
0.3474159240722656
0.5429672002792358
0.43361106514930725
0.4006195664405823
0.5
0.3490101099014282
0.5171616077423096
0.20735108852386475
0.44840869307518005
0.4062361717224121
0.4609440863132477
0.5
0.5313831567764282
0.8022153377532959
0.5645223259925842
0.5
0.5
0.548599123954773
0.5
0.5271851420402527
0.5245529413223267
0.10503041744232178
0.5258118510246277
0.2783718705177307
0.46326273679733276
0.3551168441772461
0.5
0.5
0.7430338859558105
0.4774661064147949
0.15383367240428925
0.49202680587768555
0.5387383699417114
0.0
0.33706796169281006
0.6840853095054626
0.5866671204566956
0.2695859968662262
0.5665429830551147
0.583482027053833
0.5321550965309143
0.8469498157501221
0.5486291646957397
0.7248376607894897
0.24844098091125488
0.0
0.23452675342559814
0.13308805227279663
0.2966527044773102
0.6385325789451599
0.30083832144737244
0.24866735935211182
0.47952359914779663
0.3032245635986328
0.39396852254867554
0.5671868920326233
0.8022153377532959
0.5457057356834412
0.5495886206626892
0.4338782727718353
0.47200876474380493
0.0
0.5
0.40465715527534485
0.6130604147911072
0.0
0.8051713705062866
0.8143934607505798
0.53469318151474
0.5
0.5971713066101074
0.5478411912918091
0.4416338801383972
0.9220781922340393
0.5085373520851135
0.43354225158691406
0.46098607778549194
0.3526798486709595
0.783234179019928
0.12401401996612549
0.38469719886779785
0.36645010113716125
0.253037691116333
0.43492427468299866
0.4959515333175659
0.0
0.0
0.5216097235679626
0.05122262239456177
0.06940162181854248
0.5495844483375549
0.38264238834381104
0.525948166847229
0.433432012796402
0.5042622089385986
0.8553953170776367
0.8475410342216492
0.624298632144928
0.04559174180030823
0.8022153377532959
0.5691603422164917
0.5154389142990112
0.4112885892391205
0.14893412590026855
0.41571861505508423
0.725403368473053
0.41981980204582214
0.0
0.7780362367630005
0.4773101210594177
0.801298201084137
0.4277811646461487
0.22314459085464478
0.4889630973339081
0.5658957958221436
0.5
0.467161625623703
0.467161625623703
